<?xml version="1.0" encoding="UTF-8"?>
<!-- Generated by org.testng.reporters.JUnitXMLReporter -->
<testsuite ignored="0" hostname="FatherCarlo" failures="0" tests="37" name="Surefire test" time="38.056" errors="0" timestamp="07 май 2020 06:13:47 GMT">
  <testcase classname="bg.codeacademy.spring.gossiptalks.controller.GossipControllerTest" name="test_incorrect_pageNo" time="4.662"/>
  <testcase classname="bg.codeacademy.spring.gossiptalks.controller.GossipControllerTest" name="test_post_invalid_gossip_with_emptyString" time="0.538"/>
  <testcase classname="bg.codeacademy.spring.gossiptalks.controller.GossipControllerTest" name="test_post_invalid_gossip_with_html" time="0.27"/>
  <testcase classname="bg.codeacademy.spring.gossiptalks.controller.GossipControllerTest" name="test_post_invalid_gossip_with_more255symbols" time="0.169"/>
  <testcase classname="bg.codeacademy.spring.gossiptalks.controller.GossipControllerTest" name="test_post_valid_gossip" time="0.154"/>
  <testcase classname="bg.codeacademy.spring.gossiptalks.controller.GossipControllerTest" name="test_valid_get_all_gossips" time="0.139"/>
  <testcase classname="bg.codeacademy.spring.gossiptalks.controller.GossipControllerTest" name="test_valid_get_all_gossips_200" time="0.116"/>
  <testcase classname="bg.codeacademy.spring.gossiptalks.controller.GossipControllerTest" name="test_valid_get_user_gossips_200" time="0.141"/>
  <testcase classname="bg.codeacademy.spring.gossiptalks.controller.UserControllerTest" name="get_all_users_request_verify_200" time="0.144"/>
  <testcase classname="bg.codeacademy.spring.gossiptalks.controller.UserControllerTest" name="test_change_incorrect_password" time="0.244"/>
  <testcase classname="bg.codeacademy.spring.gossiptalks.controller.UserControllerTest" name="test_change_incorrect_password_confirmation" time="0.202"/>
  <testcase classname="bg.codeacademy.spring.gossiptalks.controller.UserControllerTest" name="test_change_password" time="0.289"/>
  <testcase classname="bg.codeacademy.spring.gossiptalks.controller.UserControllerTest" name="test_create__invalid_email_user" time="0.124"/>
  <testcase classname="bg.codeacademy.spring.gossiptalks.controller.UserControllerTest" name="test_create__invalid_username_user" time="0.163"/>
  <testcase classname="bg.codeacademy.spring.gossiptalks.controller.UserControllerTest" name="test_create_user" time="0.169"/>
  <testcase classname="bg.codeacademy.spring.gossiptalks.controller.UserControllerTest" name="test_follow_user" time="0.245"/>
  <testcase classname="bg.codeacademy.spring.gossiptalks.controller.UserControllerTest" name="test_get_information_about_me" time="0.16"/>
  <testcase classname="bg.codeacademy.spring.gossiptalks.controller.UserControllerTest" name="test_un_follow_user" time="0.194"/>
  <testcase classname="bg.codeacademy.spring.gossiptalks.DTO.GossipDtoTest" name="test_createInvalid_GossipDto" time="0.041"/>
  <testcase classname="bg.codeacademy.spring.gossiptalks.DTO.UserDTOWithBase32Test" name="test_Invalid_UserDTO" time="0.031"/>
  <testcase classname="bg.codeacademy.spring.gossiptalks.GossipTalksApplicationTests" name="contextLoads" time="0.001"/>
  <testcase classname="bg.codeacademy.spring.gossiptalks.model.GossipTest" name="test_gossip_Invalid" time="0.015"/>
  <testcase classname="bg.codeacademy.spring.gossiptalks.model.GossipTest" name="test_gossip_null" time="0.0"/>
  <testcase classname="bg.codeacademy.spring.gossiptalks.model.UserTest" name="test_user_Null" time="0.012"/>
  <testcase classname="bg.codeacademy.spring.gossiptalks.model.UserTest" name="test_user_invalid" time="0.002"/>
  <testcase classname="bg.codeacademy.spring.gossiptalks.service.GossipServiceTest" name="test_getAll_gossips_by_userId" time="0.047"/>
  <testcase classname="bg.codeacademy.spring.gossiptalks.service.GossipServiceTest" name="test_get_all_gossips" time="0.001"/>
  <testcase classname="bg.codeacademy.spring.gossiptalks.service.GossipServiceTest" name="test_save_a_gossip" time="0.001"/>
  <testcase classname="bg.codeacademy.spring.gossiptalks.service.UserServiceTest" name="test_delete_user" time="0.001"/>
  <testcase classname="bg.codeacademy.spring.gossiptalks.service.UserServiceTest" name="test_get_all_users" time="0.003"/>
  <testcase classname="bg.codeacademy.spring.gossiptalks.service.UserServiceTest" name="test_get_user_by_criteria" time="0.0"/>
  <testcase classname="bg.codeacademy.spring.gossiptalks.service.UserServiceTest" name="test_get_user_by_username" time="0.002"/>
  <testcase classname="bg.codeacademy.spring.gossiptalks.service.UserServiceTest" name="test_get_user_by_username_invalid" time="0.0"/>
  <testcase classname="bg.codeacademy.spring.gossiptalks.service.UserServiceTest" name="test_save_user" time="0.0"/>
  <testcase classname="bg.codeacademy.spring.gossiptalks.util.DetectHtmlTest" name="detectHtml" time="0.001"/>
  <testcase classname="bg.codeacademy.spring.gossiptalks.util.DetectHtmlTest" name="detectHtml" time="0.0"/>
  <testcase classname="bg.codeacademy.spring.gossiptalks.util.DetectHtmlTest" name="detectHtml" time="0.0"/>
</testsuite> <!-- Surefire test -->
