<?xml version="1.0" encoding="UTF-8"?>
<testsuite xmlns:xsi="http://www.w3.org/2001/XMLSchema-instance" xsi:noNamespaceSchemaLocation="https://maven.apache.org/surefire/maven-surefire-plugin/xsd/surefire-test-report.xsd" name="TestSuite" time="43.36" tests="37" errors="0" skipped="0" failures="0">
  <properties>
[...]
</properties>
  <testcase name="test_incorrect_pageNo" classname="bg.codeacademy.spring.gossiptalks.controller.GossipControllerTest" time="4.665"/>
  <testcase name="test_post_invalid_gossip_with_emptyString" classname="bg.codeacademy.spring.gossiptalks.controller.GossipControllerTest" time="0.641"/>
  <testcase name="test_post_invalid_gossip_with_html" classname="bg.codeacademy.spring.gossiptalks.controller.GossipControllerTest" time="0.375"/>
  <testcase name="test_post_invalid_gossip_with_more255symbols" classname="bg.codeacademy.spring.gossiptalks.controller.GossipControllerTest" time="0.264"/>
  <testcase name="test_post_valid_gossip" classname="bg.codeacademy.spring.gossiptalks.controller.GossipControllerTest" time="0.154"/>
  <testcase name="test_valid_get_all_gossips" classname="bg.codeacademy.spring.gossiptalks.controller.GossipControllerTest" time="0.14"/>
  <testcase name="test_valid_get_all_gossips_200" classname="bg.codeacademy.spring.gossiptalks.controller.GossipControllerTest" time="0.116"/>
  <testcase name="test_valid_get_user_gossips_200" classname="bg.codeacademy.spring.gossiptalks.controller.GossipControllerTest" time="0.14"/>
  <testcase name="get_all_users_request_verify_200" classname="bg.codeacademy.spring.gossiptalks.controller.UserControllerTest" time="0.145"/>
  <testcase name="test_change_incorrect_password" classname="bg.codeacademy.spring.gossiptalks.controller.UserControllerTest" time="0.242"/>
  <testcase name="test_change_incorrect_password_confirmation" classname="bg.codeacademy.spring.gossiptalks.controller.UserControllerTest" time="0.202"/>
  <testcase name="test_change_password" classname="bg.codeacademy.spring.gossiptalks.controller.UserControllerTest" time="0.29"/>
  <testcase name="test_create__invalid_email_user" classname="bg.codeacademy.spring.gossiptalks.controller.UserControllerTest" time="0.232"/>
  <testcase name="test_create__invalid_username_user" classname="bg.codeacademy.spring.gossiptalks.controller.UserControllerTest" time="0.274"/>
  <testcase name="test_create_user" classname="bg.codeacademy.spring.gossiptalks.controller.UserControllerTest" time="0.15"/>
  <testcase name="test_follow_user" classname="bg.codeacademy.spring.gossiptalks.controller.UserControllerTest" time="0.244"/>
  <testcase name="test_get_information_about_me" classname="bg.codeacademy.spring.gossiptalks.controller.UserControllerTest" time="0.161"/>
  <testcase name="test_un_follow_user" classname="bg.codeacademy.spring.gossiptalks.controller.UserControllerTest" time="0.194"/>
  <testcase name="test_createInvalid_GossipDto" classname="bg.codeacademy.spring.gossiptalks.DTO.GossipDtoTest" time="0.042"/>
  <testcase name="test_Invalid_UserDTO" classname="bg.codeacademy.spring.gossiptalks.DTO.UserDTOWithBase32Test" time="0.032"/>
  <testcase name="contextLoads" classname="bg.codeacademy.spring.gossiptalks.GossipTalksApplicationTests" time="0"/>
  <testcase name="test_gossip_Invalid" classname="bg.codeacademy.spring.gossiptalks.model.GossipTest" time="0.016"/>
  <testcase name="test_gossip_null" classname="bg.codeacademy.spring.gossiptalks.model.GossipTest" time="0"/>
  <testcase name="test_user_Null" classname="bg.codeacademy.spring.gossiptalks.model.UserTest" time="0.012"/>
  <testcase name="test_user_invalid" classname="bg.codeacademy.spring.gossiptalks.model.UserTest" time="0.006"/>
  <testcase name="test_getAll_gossips_by_userId" classname="bg.codeacademy.spring.gossiptalks.service.GossipServiceTest" time="0.044"/>
  <testcase name="test_get_all_gossips" classname="bg.codeacademy.spring.gossiptalks.service.GossipServiceTest" time="0"/>
  <testcase name="test_save_a_gossip" classname="bg.codeacademy.spring.gossiptalks.service.GossipServiceTest" time="0"/>
  <testcase name="test_delete_user" classname="bg.codeacademy.spring.gossiptalks.service.UserServiceTest" time="0.001"/>
  <testcase name="test_get_all_users" classname="bg.codeacademy.spring.gossiptalks.service.UserServiceTest" time="0.002"/>
  <testcase name="test_get_user_by_criteria" classname="bg.codeacademy.spring.gossiptalks.service.UserServiceTest" time="0.001"/>
  <testcase name="test_get_user_by_username" classname="bg.codeacademy.spring.gossiptalks.service.UserServiceTest" time="0.002"/>
  <testcase name="test_get_user_by_username_invalid" classname="bg.codeacademy.spring.gossiptalks.service.UserServiceTest" time="0.001"/>
  <testcase name="test_save_user" classname="bg.codeacademy.spring.gossiptalks.service.UserServiceTest" time="0.005"/>
  <testcase name="detectHtml" classname="bg.codeacademy.spring.gossiptalks.util.DetectHtmlTest" time="0"/>
  <testcase name="detectHtml" classname="bg.codeacademy.spring.gossiptalks.util.DetectHtmlTest" time="0"/>
  <testcase name="detectHtml" classname="bg.codeacademy.spring.gossiptalks.util.DetectHtmlTest" time="0.001"/>
</testsuite>